#
# A fatal error has been detected by the Java Runtime Environment:
#
#  EXCEPTION_ACCESS_VIOLATION (0xc0000005) at pc=0x00007ff9f7f63004, pid=15320, tid=24348
#
# JRE version: OpenJDK Runtime Environment Corretto-24.0.2.12.1 (24.0.2+12) (build 24.0.2+12-FR)
# Java VM: OpenJDK 64-Bit Server VM Corretto-24.0.2.12.1 (24.0.2+12-FR, mixed mode, sharing, tiered, compressed oops, compressed class ptrs, g1 gc, windows-amd64)
# Problematic frame:
# C  [libasyncProfiler.dll+0x93004]
#
# No core dump will be written. Minidumps are not enabled by default on client versions of Windows
#
# If you would like to submit a bug report, please visit:
#   https://github.com/corretto/corretto-24/issues/
# The crash happened outside the Java Virtual Machine in native code.
# See problematic frame for where to report the bug.
#

---------------  S U M M A R Y ------------

Command Line: -agentlib:jdwp=transport=dt_socket,address=127.0.0.1:60664,suspend=y,server=n -agentpath:C:\Users\Ab.abdelsattar\AppData\Local\Temp\idea_libasyncProfiler_dll_temp_folder\libasyncProfiler.dll=version,jfr,event=wall,interval=10ms,cstack=no,file=C:\Users\Ab.abdelsattar\IdeaSnapshots\Test_2025_12_18_111701.jfr,dbghelppath=C:\Users\Ab.abdelsattar\AppData\Local\Temp\idea_dbghelp_dll_temp_folder\dbghelp.dll,log=C:\Users\Ab.abdelsattar\AppData\Local\Temp\Test_2025_12_18_111701.jfr.log.txt,logLevel=DEBUG -javaagent:C:\Users\Ab.abdelsattar\AppData\Local\JetBrains\IntelliJIdea2024.3\captureAgent\debugger-agent.jar -Dkotlinx.coroutines.debug.enable.creation.stack.trace=false -Ddebugger.agent.enable.coroutines=true -Dkotlinx.coroutines.debug.enable.flows.stack.trace=true -Dkotlinx.coroutines.debug.enable.mutable.state.flows.stack.trace=true -Dfile.encoding=UTF-8 -Dsun.stdout.encoding=UTF-8 -Dsun.stderr.encoding=UTF-8 Test

Host: Intel(R) Core(TM) i7-10510U CPU @ 1.80GHz, 8 cores, 15G,  Windows 11 , 64 bit Build 22621 (10.0.22621.5415)
Time: Thu Dec 18 11:18:12 2025 Egypt Standard Time elapsed time: 70.713966 seconds (0d 0h 1m 10s)

---------------  T H R E A D  ---------------

Current thread (0x0000024efeff7b10):  JavaThread "Attach Listener" daemon [_thread_in_native, id=24348, stack(0x000000e670200000,0x000000e670300000) (1024K)]

Stack: [0x000000e670200000,0x000000e670300000],  sp=0x000000e6702fee10,  free space=1019k
Native frames: (J=compiled Java code, j=interpreted, Vv=VM code, C=native code)
C  [libasyncProfiler.dll+0x93004]  (no source info available)
C  [libasyncProfiler.dll+0x934db]  (no source info available)
C  [libasyncProfiler.dll+0x92134]  (no source info available)
C  [libasyncProfiler.dll+0x929aa]  (no source info available)
C  [libasyncProfiler.dll+0x8d561]  (no source info available)
C  [libasyncProfiler.dll+0x7ef21]  (no source info available)
C  [libasyncProfiler.dll+0x7dc38]  (no source info available)
C  [libasyncProfiler.dll+0x7db20]  (no source info available)
C  [libasyncProfiler.dll+0x84af9]  (no source info available)
V  [jvm.dll+0x587526]  (no source info available)
V  [jvm.dll+0x58839d]  (no source info available)
V  [jvm.dll+0x150fc7]  (no source info available)
V  [jvm.dll+0x1524f7]  (no source info available)
V  [jvm.dll+0x43946d]  (no source info available)
V  [jvm.dll+0x91908d]  (no source info available)
V  [jvm.dll+0x73af75]  (no source info available)
C  [ucrtbase.dll+0x29333]  (no source info available)
C  [KERNEL32.DLL+0x1259d]  (no source info available)
C  [ntdll.dll+0x5af78]  (no source info available)


siginfo: EXCEPTION_ACCESS_VIOLATION (0xc0000005), reading address 0xffffffffffffffff


Registers:
RAX=0x0000000000000010, RBX=0x0000000000000000, RCX=0xffffffffffffffff, RDX=0x007ff9d262f50010
RSP=0x000000e6702fee10, RBP=0x0000024efeff3b58, RSI=0x000000e6702fef80, RDI=0x0000024efeff3b58
R8 =0x0000000000000042, R9 =0x000000071062afb8, R10=0x00007ff9d28d3ba0, R11=0x000000000000011a
R12=0x000000e6702fef80, R13=0x0000024ef153bb50, R14=0x0000024efeff7ed8, R15=0x0000024efeff7ed8
RIP=0x00007ff9f7f63004, EFLAGS=0x0000000000010202

XMM[0]=0x0000000000000000 0x0000000000000000
XMM[1]=0x0000000000000000 0x0000000000000000
XMM[2]=0x0000000000000000 0x0000000000000000
XMM[3]=0x0000000000000000 0x0000000000000000
XMM[4]=0x0000000000000000 0x0000000000000000
XMM[5]=0x0000000000000000 0x0000000000000000
XMM[6]=0x0000000000000000 0x0000000000000000
XMM[7]=0x0000000000000000 0x0000000000000000
XMM[8]=0x0000000000000000 0x0000000000000000
XMM[9]=0x0000000000000000 0x0000000000000000
XMM[10]=0x0000000000000000 0x0000000000000000
XMM[11]=0x0000000000000000 0x0000000000000000
XMM[12]=0x0000000000000000 0x0000000000000000
XMM[13]=0x0000000000000000 0x0000000000000000
XMM[14]=0x0000000000000000 0x0000000000000000
XMM[15]=0x0000000000000000 0x0000000000000000
  MXCSR=0x00001fa0


Register to memory mapping:

RAX=0x0000000000000010 is an unknown value
RBX=0x0 is null
RCX=0xffffffffffffffff is an unknown value
RDX=0x007ff9d262f50010 is an unknown value
RSP=0x000000e6702fee10 is pointing into the stack for thread: 0x0000024efeff7b10
RBP=0x0000024efeff3b58 points into unknown readable memory: 0x000000071062afb8 | b8 af 62 10 07 00 00 00
RSI=0x000000e6702fef80 is pointing into the stack for thread: 0x0000024efeff7b10
RDI=0x0000024efeff3b58 points into unknown readable memory: 0x000000071062afb8 | b8 af 62 10 07 00 00 00
R8 =0x0000000000000042 is an unknown value
R9 =0x000000071062afb8 is an oop: java.lang.Thread 
{0x000000071062afb8} - klass: 'java/lang/Thread' - flags: 

 - ---- fields (total size 14 words):
 - 'threadLocalRandomProbe' 'I' @12  0 (0x00000000)
 - private volatile 'eetop' 'J' @16  2538121396112 (0x0000024ef3d2ff90)
 - private final 'tid' 'J' @24  3 (0x0000000000000003)
 - 'threadLocalRandomSeed' 'J' @32  0 (0x0000000000000000)
 - injected 'jvmti_thread_state' 'J' @40  2538309494176 (0x0000024eff0925a0)
 - 'threadLocalRandomSecondarySeed' 'I' @48  0 (0x00000000)
 - injected 'jvmti_VTMS_transition_disable_count' 'I' @52  0 (0x00000000)
 - injected 'jfr_epoch' 'S' @56  0 (0x0000)
 - volatile 'interrupted' 'Z' @58  false (0x00)
 - injected 'jvmti_is_in_VTMS_transition' 'Z' @59  false (0x00)
 - private volatile 'name' 'Ljava/lang/String;' @60  "main"{0x0000000710647f88} (0xe20c8ff1)
 - private volatile 'contextClassLoader' 'Ljava/lang/ClassLoader;' @64  a 'jdk/internal/loader/ClassLoaders$AppClassLoader'{0x0000000710600000} (0xe20c0000)
 - private final 'holder' 'Ljava/lang/Thread$FieldHolder;' @68  a 'java/lang/Thread$FieldHolder'{0x0000000710647fb8} (0xe20c8ff7)
 - 'threadLocals' 'Ljava/lang/ThreadLocal$ThreadLocalMap;' @72  a 'java/lang/ThreadLocal$ThreadLocalMap'{0x0000000710647fe0} (0xe20c8ffc)
 - 'inheritableThreadLocals' 'Ljava/lang/ThreadLocal$ThreadLocalMap;' @76  null (0x00000000)
 - private 'scopedValueBindings' 'Ljava/lang/Object;' @80  a 'java/lang/Class'{0x00000007ffe7c2c8} = 'java/lang/Thread' (0xfffcf859)
 - final 'interruptLock' 'Ljava/lang/Object;' @84  a 'java/lang/Object'{0x00000007102b8940} (0xe2057128)
 - private volatile 'parkBlocker' 'Ljava/lang/Object;' @88  null (0x00000000)
 - private 'nioBlocker' 'Lsun/nio/ch/Interruptible;' @92  null (0x00000000)
 - private 'cont' 'Ljdk/internal/vm/Continuation;' @96  null (0x00000000)
 - private volatile 'uncaughtExceptionHandler' 'Ljava/lang/Thread$UncaughtExceptionHandler;' @100  null (0x00000000)
 - private 'container' 'Ljdk/internal/vm/ThreadContainer;' @104  null (0x00000000)
 - private volatile 'headStackableScopes' 'Ljdk/internal/vm/StackableScope;' @108  null (0x00000000)
R10=0x00007ff9d28d3ba0 jvm.dll
R11=0x000000000000011a is an unknown value
R12=0x000000e6702fef80 is pointing into the stack for thread: 0x0000024efeff7b10
R13=0x0000024ef153bb50 points into unknown readable memory: 0x00007ff9d283eba0 | a0 eb 83 d2 f9 7f 00 00
R14=0x0000024efeff7ed8 points into unknown readable memory: 0x00007ff9d28359e0 | e0 59 83 d2 f9 7f 00 00
R15=0x0000024efeff7ed8 points into unknown readable memory: 0x00007ff9d28359e0 | e0 59 83 d2 f9 7f 00 00

Top of Stack: (sp=0x000000e6702fee10)
0x000000e6702fee10:   0000024efeff3b58 0000024efeff7ed8   X;..N....~..N...
0x000000e6702fee20:   0000000000000000 0000024efeff9da0   ............N...
0x000000e6702fee30:   000000000000001d 00007ff9f7f634db   .........4......
0x000000e6702fee40:   0000000000000000 0000024efeff7ed8   .........~..N...
0x000000e6702fee50:   000000e6702fef01 0000000000000000   ../p............
0x000000e6702fee60:   0000024eda89fdd0 00007ff9f7f62134   ....N...4!......
0x000000e6702fee70:   0000000000000000 000000000000001d   ................
0x000000e6702fee80:   0000000000000000 000000000000001d   ................
0x000000e6702fee90:   0000000a00000002 0000024eda8dc670   ........p...N...
0x000000e6702feea0:   0000024eda89fdd0 0000024eda89fe44   ....N...D...N...
0x000000e6702feeb0:   0000024eda89fe78 0000000000007eac   x...N....~......
0x000000e6702feec0:   0000000000000000 0000000000000000   ................
0x000000e6702feed0:   0000000000000000 00007ff9d1fcab95   ................
0x000000e6702feee0:   00007ff9f80bae00 0000000000003bd8   .........;......
0x000000e6702feef0:   00007ff9f80bae00 00000000ffffffff   ................
0x000000e6702fef00:   0000000000000000 00007ff9f7f629aa   .........)......
0x000000e6702fef10:   0000024efeff7ed8 0000000000000000   .~..N...........
0x000000e6702fef20:   000000e6702fef89 0000024ef153bb50   ../p....P.S.N...
0x000000e6702fef30:   0000024eda95cdf0 0000000000000000   ....N...........
0x000000e6702fef40:   0000000000000000 0000024eda7bb730   ........0.{.N...
0x000000e6702fef50:   0000024efeff7ed8 00007ff9f80bae00   .~..N...........
0x000000e6702fef60:   0000000000100000 0000000000001000   ................
0x000000e6702fef70:   000000e6702ff118 0000024efeff7ed8   ../p.....~..N...
0x000000e6702fef80:   0000024eda9c0790 0000024eda9c0b30   ....N...0...N...
0x000000e6702fef90:   0000024eda9c0b30 00007ff9f80bae00   0...N...........
0x000000e6702fefa0:   0000024eda95d600 0000024ef14e0000   ....N.....N.N...
0x000000e6702fefb0:   000000e6702ff250 0000000000008840   P./p....@.......
0x000000e6702fefc0:   000000e6702ff430 00007ff9f80bae50   0./p....P.......
0x000000e6702fefd0:   0000000000989680 0000000000989680   ................
0x000000e6702fefe0:   000000e6702ff0f0 00007ff9f7f5d561   ../p....a.......
0x000000e6702feff0:   00007ff9f80bae00 00007ff9f80bae58   ........X.......
0x000000e6702ff000:   00007ff900000000 0000024e00000001   ............N...

Instructions: (pc=0x00007ff9f7f63004)
  0x00007ff9f7f62f04:   cc cc cc cc cc cc cc cc cc cc cc cc cc cc cc cc
  0x00007ff9f7f62f14:   cc cc cc cc cc cc cc cc cc cc cc cc cc cc cc cc
  0x00007ff9f7f62f24:   cc cc cc cc cc cc cc cc cc cc cc cc cc cc cc cc
  0x00007ff9f7f62f34:   cc cc cc cc cc cc cc cc cc cc cc cc cc cc cc cc
  0x00007ff9f7f62f44:   cc cc cc cc cc cc cc cc cc cc cc cc cc cc cc cc
  0x00007ff9f7f62f54:   cc cc cc cc cc cc cc cc cc cc cc cc cc cc cc cc
  0x00007ff9f7f62f64:   cc cc cc cc cc cc cc cc cc cc cc cc cc cc cc cc
  0x00007ff9f7f62f74:   cc cc cc cc cc cc cc cc cc cc cc cc cc cc cc cc
  0x00007ff9f7f62f84:   cc cc cc cc cc cc cc cc cc cc cc cc 40 57 48 83
  0x00007ff9f7f62f94:   ec 20 48 8b f9 48 8b 0d 30 80 15 00 48 85 c9 74
  0x00007ff9f7f62fa4:   20 48 8b 01 48 8d 54 24 38 41 b8 06 00 01 00 4c
  0x00007ff9f7f62fb4:   8b 48 30 41 ff d1 85 c0 75 07 48 8b 4c 24 38 eb
  0x00007ff9f7f62fc4:   02 33 c9 4c 8b 05 0a 81 15 00 48 89 5c 24 30 4d
  0x00007ff9f7f62fd4:   85 c0 74 4a 48 8b 01 48 8b d7 4c 8b 88 28 03 00
  0x00007ff9f7f62fe4:   00 41 ff d1 48 85 c0 74 35 48 63 0d b8 3d 15 00
  0x00007ff9f7f62ff4:   48 8b 14 01 48 85 d2 74 15 48 63 05 bc 3d 15 00
=>0x00007ff9f7f63004:   8b 04 10 48 8b 5c 24 30 48 83 c4 20 5f c3 b8 ff
  0x00007ff9f7f63014:   ff ff ff 48 8b 5c 24 30 48 83 c4 20 5f c3 80 3d
  0x00007ff9f7f63024:   bb 7f 15 00 00 bb ff ff ff ff 74 20 4c 8b 0d 51
  0x00007ff9f7f63034:   7c 15 00 4c 8d 44 24 38 48 8b 0d 35 7c 15 00 48
  0x00007ff9f7f63044:   8b d7 41 ff d1 85 c0 0f 44 5c 24 38 8b c3 48 8b
  0x00007ff9f7f63054:   5c 24 30 48 83 c4 20 5f c3 cc cc cc cc cc cc cc
  0x00007ff9f7f63064:   cc cc cc cc cc cc cc cc cc cc cc cc cc cc cc cc
  0x00007ff9f7f63074:   cc cc cc cc cc cc cc cc cc cc cc cc cc cc cc cc
  0x00007ff9f7f63084:   cc cc cc cc cc cc cc cc cc cc cc cc 48 89 54 24
  0x00007ff9f7f63094:   10 53 55 56 57 41 56 41 57 48 83 ec 28 48 8b f2
  0x00007ff9f7f630a4:   4c 8b f1 48 89 4c 24 78 45 33 ff 44 89 7c 24 68
  0x00007ff9f7f630b4:   c7 44 24 60 01 00 00 00 48 8d 4c 24 68 e8 69 3c
  0x00007ff9f7f630c4:   f7 ff 8b d8 48 8d 4c 24 60 e8 5d 3c f7 ff 8b e8
  0x00007ff9f7f630d4:   49 8b ce e8 33 f3 f6 ff 48 8b f8 90 8b c3 f0 0f
  0x00007ff9f7f630e4:   b1 2f 74 04 f3 90 eb f4 4c 89 3e 4c 89 7e 08 4c
  0x00007ff9f7f630f4:   89 7e 10 49 8b 6e 08 4d 8b 76 10 49 3b ee 0f 84


Stack slot to memory mapping:

stack at sp + 0 slots: 0x0000024efeff3b58 points into unknown readable memory: 0x000000071062afb8 | b8 af 62 10 07 00 00 00
stack at sp + 1 slots: 0x0000024efeff7ed8 points into unknown readable memory: 0x00007ff9d28359e0 | e0 59 83 d2 f9 7f 00 00
stack at sp + 2 slots: 0x0 is null
stack at sp + 3 slots: 0x0000024efeff9da0 points into unknown readable memory: 0x6e616c2e6176616a | 6a 61 76 61 2e 6c 61 6e
stack at sp + 4 slots: 0x000000000000001d is an unknown value
stack at sp + 5 slots: 0x00007ff9f7f634db libasyncProfiler.dll
stack at sp + 6 slots: 0x0 is null
stack at sp + 7 slots: 0x0000024efeff7ed8 points into unknown readable memory: 0x00007ff9d28359e0 | e0 59 83 d2 f9 7f 00 00

Lock stack of current Java thread (top to bottom):


---------------  P R O C E S S  ---------------

Threads class SMR info:
_java_thread_list=0x0000024eff1d4930, length=14, elements={
0x0000024ef3d2ff90, 0x0000024efefec1a0, 0x0000024efefecae0, 0x0000024efeff5050,
0x0000024efeff7b10, 0x0000024efeff6c70, 0x0000024efeff9100, 0x0000024eff00f6c0,
0x0000024eff010240, 0x0000024eff1f47f0, 0x0000024eda04b890, 0x0000024eff1cccd0,
0x0000024efeff5dd0, 0x0000024efeff89b0
}

Java Threads: ( => current thread )
  0x0000024ef3d2ff90 JavaThread "main"                              [_thread_in_Java, id=39248, stack(0x000000e66f700000,0x000000e66f800000) (1024K)]
  0x0000024efefec1a0 JavaThread "Reference Handler"          daemon [_thread_blocked, id=33008, stack(0x000000e66ff00000,0x000000e670000000) (1024K)]
  0x0000024efefecae0 JavaThread "Finalizer"                  daemon [_thread_blocked, id=2672, stack(0x000000e670000000,0x000000e670100000) (1024K)]
  0x0000024efeff5050 JavaThread "Signal Dispatcher"          daemon [_thread_blocked, id=20408, stack(0x000000e670100000,0x000000e670200000) (1024K)]
=>0x0000024efeff7b10 JavaThread "Attach Listener"            daemon [_thread_in_native, id=24348, stack(0x000000e670200000,0x000000e670300000) (1024K)]
  0x0000024efeff6c70 JavaThread "Service Thread"             daemon [_thread_blocked, id=21660, stack(0x000000e670300000,0x000000e670400000) (1024K)]
  0x0000024efeff9100 JavaThread "Monitor Deflation Thread"   daemon [_thread_blocked, id=3524, stack(0x000000e670400000,0x000000e670500000) (1024K)]
  0x0000024eff00f6c0 JavaThread "C2 CompilerThread0"         daemon [_thread_blocked, id=40036, stack(0x000000e670500000,0x000000e670600000) (1024K)]
  0x0000024eff010240 JavaThread "C1 CompilerThread0"         daemon [_thread_blocked, id=16264, stack(0x000000e670600000,0x000000e670700000) (1024K)]
  0x0000024eff1f47f0 JavaThread "JDWP Transport Listener: dt_socket" daemon [_thread_blocked, id=37800, stack(0x000000e670700000,0x000000e670800000) (1024K)]
  0x0000024eda04b890 JavaThread "JDWP Event Helper Thread"   daemon [_thread_blocked, id=33640, stack(0x000000e670800000,0x000000e670900000) (1024K)]
  0x0000024eff1cccd0 JavaThread "JDWP Command Reader"        daemon [_thread_in_native, id=39352, stack(0x000000e670900000,0x000000e670a00000) (1024K)]
  0x0000024efeff5dd0 JavaThread "Notification Thread"        daemon [_thread_blocked, id=7072, stack(0x000000e670a00000,0x000000e670b00000) (1024K)]
  0x0000024efeff89b0 JavaThread "Common-Cleaner"             daemon [_thread_blocked, id=29336, stack(0x000000e670b00000,0x000000e670c00000) (1024K)]
Total: 14

Other Threads:
  0x0000024efefdf1c0 VMThread "VM Thread"                           [id=3760, stack(0x000000e66fe00000,0x000000e66ff00000) (1024K)]
  0x0000024efefcfce0 WatcherThread "VM Periodic Task Thread"        [id=27108, stack(0x000000e66fd00000,0x000000e66fe00000) (1024K)]
  0x0000024ef39b14c0 WorkerThread "GC Thread#0"                     [id=32372, stack(0x000000e66f800000,0x000000e66f900000) (1024K)]
  0x0000024eda9c12a0 WorkerThread "GC Thread#1"                     [id=24216, stack(0x000000e66f400000,0x000000e66f500000) (1024K)]
  0x0000024eda9c0b40 WorkerThread "GC Thread#2"                     [id=39584, stack(0x000000e66f500000,0x000000e66f600000) (1024K)]
  0x0000024eda9c1650 WorkerThread "GC Thread#3"                     [id=31716, stack(0x000000e66f600000,0x000000e66f700000) (1024K)]
  0x0000024eda9c1db0 WorkerThread "GC Thread#4"                     [id=10376, stack(0x000000e670c00000,0x000000e670d00000) (1024K)]
  0x0000024eda9c03e0 WorkerThread "GC Thread#5"                     [id=27944, stack(0x000000e670d00000,0x000000e670e00000) (1024K)]
  0x0000024eda9c0ef0 WorkerThread "GC Thread#6"                     [id=4764, stack(0x000000e670e00000,0x000000e670f00000) (1024K)]
  0x0000024eda9c1a00 WorkerThread "GC Thread#7"                     [id=32428, stack(0x000000e670f00000,0x000000e671000000) (1024K)]
  0x0000024ef3d6de60 ConcurrentGCThread "G1 Main Marker"            [id=7104, stack(0x000000e66f900000,0x000000e66fa00000) (1024K)]
  0x0000024ef3d6e970 WorkerThread "G1 Conc#0"                       [id=19756, stack(0x000000e66fa00000,0x000000e66fb00000) (1024K)]
  0x0000024ef3a0d660 ConcurrentGCThread "G1 Refine#0"               [id=40824, stack(0x000000e66fb00000,0x000000e66fc00000) (1024K)]
  0x0000024ef3a0e1e0 ConcurrentGCThread "G1 Service"                [id=7748, stack(0x000000e66fc00000,0x000000e66fd00000) (1024K)]
Total: 14

Threads with active compile tasks:
Total: 0

VM state: not at safepoint (normal execution)

VM Mutex/Monitor currently owned by a thread: None

Heap address: 0x0000000703a00000, size: 4038 MB, Compressed Oops mode: Zero based, Oop shift amount: 3

CDS archive(s) mapped at: [0x0000024e95000000-0x0000024e95d40000-0x0000024e95d40000), size 13893632, SharedBaseAddress: 0x0000024e95000000, ArchiveRelocationMode: 1.
Compressed class space mapped at: 0x0000024e96000000-0x0000024ed6000000, reserved size: 1073741824
UseCompressedClassPointers 1, UseCompactObjectHeaders 0
Narrow klass pointer bits 32, Max shift 3
Narrow klass base: 0x0000024e95000000, Narrow klass shift: 0
Encoding Range: [0x0000024e95000000 - 0x0000024f95000000), (4294967296 bytes)
Klass Range:    [0x0000024e95000000 - 0x0000024ed6000000), (1090519040 bytes)
Klass ID Range:  [8 - 1090519033) (1090519025)

GC Precious Log:
 CardTable entry size: 512
 Card Set container configuration: InlinePtr #cards 4 size 8 Array Of Cards #cards 16 size 48 Howl #buckets 8 coarsen threshold 3686 Howl Bitmap #cards 512 size 80 coarsen threshold 460 Card regions per heap region 1 cards per card region 4096
 CPUs: 8 total, 8 available
 Memory: 16144M
 Large Page Support: Disabled
 NUMA Support: Disabled
 Compressed Oops: Enabled (Zero based)
 Heap Region Size: 2M
 Heap Min Capacity: 8M
 Heap Initial Capacity: 254M
 Heap Max Capacity: 4038M
 Pre-touch: Disabled
 Parallel Workers: 8
 Concurrent Workers: 2
 Concurrent Refinement Workers: 8
 Periodic GC: Disabled

Heap:
 garbage-first heap   total reserved 4134912K, committed 262144K, used 15771K [0x0000000703a00000, 0x0000000800000000)
  region size 2048K, 7 young (14336K), 3 survivors (6144K)
 Metaspace       used 10387K, committed 10560K, reserved 1114112K
  class space    used 797K, committed 896K, reserved 1048576K

Heap Regions: E=young(eden), S=young(survivor), O=old, HS=humongous(starts), HC=humongous(continues), CS=collection set, F=free, TAMS=top-at-mark-start, PB=parsable bottom
|   0|0x0000000703a00000, 0x0000000703c00000, 0x0000000703c00000|100%| O|  |TAMS 0x0000000703a00000| PB 0x0000000703a00000| Untracked |  0
|   1|0x0000000703c00000, 0x0000000703c4aa60, 0x0000000703e00000| 14%| O|  |TAMS 0x0000000703c00000| PB 0x0000000703c00000| Untracked |  0
|   2|0x0000000703e00000, 0x0000000703e00000, 0x0000000704000000|  0%| F|  |TAMS 0x0000000703e00000| PB 0x0000000703e00000| Untracked |  0
|   3|0x0000000704000000, 0x0000000704000000, 0x0000000704200000|  0%| F|  |TAMS 0x0000000704000000| PB 0x0000000704000000| Untracked |  0
|   4|0x0000000704200000, 0x0000000704200000, 0x0000000704400000|  0%| F|  |TAMS 0x0000000704200000| PB 0x0000000704200000| Untracked |  0
|   5|0x0000000704400000, 0x0000000704400000, 0x0000000704600000|  0%| F|  |TAMS 0x0000000704400000| PB 0x0000000704400000| Untracked |  0
|   6|0x0000000704600000, 0x0000000704600000, 0x0000000704800000|  0%| F|  |TAMS 0x0000000704600000| PB 0x0000000704600000| Untracked |  0
|   7|0x0000000704800000, 0x0000000704800000, 0x0000000704a00000|  0%| F|  |TAMS 0x0000000704800000| PB 0x0000000704800000| Untracked |  0
|   8|0x0000000704a00000, 0x0000000704a00000, 0x0000000704c00000|  0%| F|  |TAMS 0x0000000704a00000| PB 0x0000000704a00000| Untracked |  0
|   9|0x0000000704c00000, 0x0000000704c00000, 0x0000000704e00000|  0%| F|  |TAMS 0x0000000704c00000| PB 0x0000000704c00000| Untracked |  0
|  10|0x0000000704e00000, 0x0000000704e00000, 0x0000000705000000|  0%| F|  |TAMS 0x0000000704e00000| PB 0x0000000704e00000| Untracked |  0
|  11|0x0000000705000000, 0x0000000705000000, 0x0000000705200000|  0%| F|  |TAMS 0x0000000705000000| PB 0x0000000705000000| Untracked |  0
|  12|0x0000000705200000, 0x0000000705200000, 0x0000000705400000|  0%| F|  |TAMS 0x0000000705200000| PB 0x0000000705200000| Untracked |  0
|  13|0x0000000705400000, 0x0000000705400000, 0x0000000705600000|  0%| F|  |TAMS 0x0000000705400000| PB 0x0000000705400000| Untracked |  0
|  14|0x0000000705600000, 0x0000000705600000, 0x0000000705800000|  0%| F|  |TAMS 0x0000000705600000| PB 0x0000000705600000| Untracked |  0
|  15|0x0000000705800000, 0x0000000705800000, 0x0000000705a00000|  0%| F|  |TAMS 0x0000000705800000| PB 0x0000000705800000| Untracked |  0
|  16|0x0000000705a00000, 0x0000000705a00000, 0x0000000705c00000|  0%| F|  |TAMS 0x0000000705a00000| PB 0x0000000705a00000| Untracked |  0
|  17|0x0000000705c00000, 0x0000000705c00000, 0x0000000705e00000|  0%| F|  |TAMS 0x0000000705c00000| PB 0x0000000705c00000| Untracked |  0
|  18|0x0000000705e00000, 0x0000000705e00000, 0x0000000706000000|  0%| F|  |TAMS 0x0000000705e00000| PB 0x0000000705e00000| Untracked |  0
|  19|0x0000000706000000, 0x0000000706000000, 0x0000000706200000|  0%| F|  |TAMS 0x0000000706000000| PB 0x0000000706000000| Untracked |  0
|  20|0x0000000706200000, 0x0000000706200000, 0x0000000706400000|  0%| F|  |TAMS 0x0000000706200000| PB 0x0000000706200000| Untracked |  0
|  21|0x0000000706400000, 0x0000000706400000, 0x0000000706600000|  0%| F|  |TAMS 0x0000000706400000| PB 0x0000000706400000| Untracked |  0
|  22|0x0000000706600000, 0x0000000706600000, 0x0000000706800000|  0%| F|  |TAMS 0x0000000706600000| PB 0x0000000706600000| Untracked |  0
|  23|0x0000000706800000, 0x0000000706800000, 0x0000000706a00000|  0%| F|  |TAMS 0x0000000706800000| PB 0x0000000706800000| Untracked |  0
|  24|0x0000000706a00000, 0x0000000706a00000, 0x0000000706c00000|  0%| F|  |TAMS 0x0000000706a00000| PB 0x0000000706a00000| Untracked |  0
|  25|0x0000000706c00000, 0x0000000706c00000, 0x0000000706e00000|  0%| F|  |TAMS 0x0000000706c00000| PB 0x0000000706c00000| Untracked |  0
|  26|0x0000000706e00000, 0x0000000706e00000, 0x0000000707000000|  0%| F|  |TAMS 0x0000000706e00000| PB 0x0000000706e00000| Untracked |  0
|  27|0x0000000707000000, 0x0000000707000000, 0x0000000707200000|  0%| F|  |TAMS 0x0000000707000000| PB 0x0000000707000000| Untracked |  0
|  28|0x0000000707200000, 0x0000000707200000, 0x0000000707400000|  0%| F|  |TAMS 0x0000000707200000| PB 0x0000000707200000| Untracked |  0
|  29|0x0000000707400000, 0x0000000707400000, 0x0000000707600000|  0%| F|  |TAMS 0x0000000707400000| PB 0x0000000707400000| Untracked |  0
|  30|0x0000000707600000, 0x0000000707600000, 0x0000000707800000|  0%| F|  |TAMS 0x0000000707600000| PB 0x0000000707600000| Untracked |  0
|  31|0x0000000707800000, 0x0000000707800000, 0x0000000707a00000|  0%| F|  |TAMS 0x0000000707800000| PB 0x0000000707800000| Untracked |  0
|  32|0x0000000707a00000, 0x0000000707a00000, 0x0000000707c00000|  0%| F|  |TAMS 0x0000000707a00000| PB 0x0000000707a00000| Untracked |  0
|  33|0x0000000707c00000, 0x0000000707c00000, 0x0000000707e00000|  0%| F|  |TAMS 0x0000000707c00000| PB 0x0000000707c00000| Untracked |  0
|  34|0x0000000707e00000, 0x0000000707e00000, 0x0000000708000000|  0%| F|  |TAMS 0x0000000707e00000| PB 0x0000000707e00000| Untracked |  0
|  35|0x0000000708000000, 0x0000000708000000, 0x0000000708200000|  0%| F|  |TAMS 0x0000000708000000| PB 0x0000000708000000| Untracked |  0
|  36|0x0000000708200000, 0x0000000708200000, 0x0000000708400000|  0%| F|  |TAMS 0x0000000708200000| PB 0x0000000708200000| Untracked |  0
|  37|0x0000000708400000, 0x0000000708400000, 0x0000000708600000|  0%| F|  |TAMS 0x0000000708400000| PB 0x0000000708400000| Untracked |  0
|  38|0x0000000708600000, 0x0000000708600000, 0x0000000708800000|  0%| F|  |TAMS 0x0000000708600000| PB 0x0000000708600000| Untracked |  0
|  39|0x0000000708800000, 0x0000000708800000, 0x0000000708a00000|  0%| F|  |TAMS 0x0000000708800000| PB 0x0000000708800000| Untracked |  0
|  40|0x0000000708a00000, 0x0000000708a00000, 0x0000000708c00000|  0%| F|  |TAMS 0x0000000708a00000| PB 0x0000000708a00000| Untracked |  0
|  41|0x0000000708c00000, 0x0000000708c00000, 0x0000000708e00000|  0%| F|  |TAMS 0x0000000708c00000| PB 0x0000000708c00000| Untracked |  0
|  42|0x0000000708e00000, 0x0000000708e00000, 0x0000000709000000|  0%| F|  |TAMS 0x0000000708e00000| PB 0x0000000708e00000| Untracked |  0
|  43|0x0000000709000000, 0x0000000709000000, 0x0000000709200000|  0%| F|  |TAMS 0x0000000709000000| PB 0x0000000709000000| Untracked |  0
|  44|0x0000000709200000, 0x0000000709200000, 0x0000000709400000|  0%| F|  |TAMS 0x0000000709200000| PB 0x0000000709200000| Untracked |  0
|  45|0x0000000709400000, 0x0000000709400000, 0x0000000709600000|  0%| F|  |TAMS 0x0000000709400000| PB 0x0000000709400000| Untracked |  0
|  46|0x0000000709600000, 0x0000000709600000, 0x0000000709800000|  0%| F|  |TAMS 0x0000000709600000| PB 0x0000000709600000| Untracked |  0
|  47|0x0000000709800000, 0x0000000709800000, 0x0000000709a00000|  0%| F|  |TAMS 0x0000000709800000| PB 0x0000000709800000| Untracked |  0
|  48|0x0000000709a00000, 0x0000000709a00000, 0x0000000709c00000|  0%| F|  |TAMS 0x0000000709a00000| PB 0x0000000709a00000| Untracked |  0
|  49|0x0000000709c00000, 0x0000000709c00000, 0x0000000709e00000|  0%| F|  |TAMS 0x0000000709c00000| PB 0x0000000709c00000| Untracked |  0
|  50|0x0000000709e00000, 0x0000000709e00000, 0x000000070a000000|  0%| F|  |TAMS 0x0000000709e00000| PB 0x0000000709e00000| Untracked |  0
|  51|0x000000070a000000, 0x000000070a000000, 0x000000070a200000|  0%| F|  |TAMS 0x000000070a000000| PB 0x000000070a000000| Untracked |  0
|  52|0x000000070a200000, 0x000000070a200000, 0x000000070a400000|  0%| F|  |TAMS 0x000000070a200000| PB 0x000000070a200000| Untracked |  0
|  53|0x000000070a400000, 0x000000070a400000, 0x000000070a600000|  0%| F|  |TAMS 0x000000070a400000| PB 0x000000070a400000| Untracked |  0
|  54|0x000000070a600000, 0x000000070a600000, 0x000000070a800000|  0%| F|  |TAMS 0x000000070a600000| PB 0x000000070a600000| Untracked |  0
|  55|0x000000070a800000, 0x000000070a800000, 0x000000070aa00000|  0%| F|  |TAMS 0x000000070a800000| PB 0x000000070a800000| Untracked |  0
|  56|0x000000070aa00000, 0x000000070aa00000, 0x000000070ac00000|  0%| F|  |TAMS 0x000000070aa00000| PB 0x000000070aa00000| Untracked |  0
|  57|0x000000070ac00000, 0x000000070ac00000, 0x000000070ae00000|  0%| F|  |TAMS 0x000000070ac00000| PB 0x000000070ac00000| Untracked |  0
|  58|0x000000070ae00000, 0x000000070ae00000, 0x000000070b000000|  0%| F|  |TAMS 0x000000070ae00000| PB 0x000000070ae00000| Untracked |  0
|  59|0x000000070b000000, 0x000000070b000000, 0x000000070b200000|  0%| F|  |TAMS 0x000000070b000000| PB 0x000000070b000000| Untracked |  0
|  60|0x000000070b200000, 0x000000070b200000, 0x000000070b400000|  0%| F|  |TAMS 0x000000070b200000| PB 0x000000070b200000| Untracked |  0
|  61|0x000000070b400000, 0x000000070b400000, 0x000000070b600000|  0%| F|  |TAMS 0x000000070b400000| PB 0x000000070b400000| Untracked |  0
|  62|0x000000070b600000, 0x000000070b600000, 0x000000070b800000|  0%| F|  |TAMS 0x000000070b600000| PB 0x000000070b600000| Untracked |  0
|  63|0x000000070b800000, 0x000000070b800000, 0x000000070ba00000|  0%| F|  |TAMS 0x000000070b800000| PB 0x000000070b800000| Untracked |  0
|  64|0x000000070ba00000, 0x000000070ba00000, 0x000000070bc00000|  0%| F|  |TAMS 0x000000070ba00000| PB 0x000000070ba00000| Untracked |  0
|  65|0x000000070bc00000, 0x000000070bc00000, 0x000000070be00000|  0%| F|  |TAMS 0x000000070bc00000| PB 0x000000070bc00000| Untracked |  0
|  66|0x000000070be00000, 0x000000070be00000, 0x000000070c000000|  0%| F|  |TAMS 0x000000070be00000| PB 0x000000070be00000| Untracked |  0
|  67|0x000000070c000000, 0x000000070c000000, 0x000000070c200000|  0%| F|  |TAMS 0x000000070c000000| PB 0x000000070c000000| Untracked |  0
|  68|0x000000070c200000, 0x000000070c200000, 0x000000070c400000|  0%| F|  |TAMS 0x000000070c200000| PB 0x000000070c200000| Untracked |  0
|  69|0x000000070c400000, 0x000000070c400000, 0x000000070c600000|  0%| F|  |TAMS 0x000000070c400000| PB 0x000000070c400000| Untracked |  0
|  70|0x000000070c600000, 0x000000070c600000, 0x000000070c800000|  0%| F|  |TAMS 0x000000070c600000| PB 0x000000070c600000| Untracked |  0
|  71|0x000000070c800000, 0x000000070c800000, 0x000000070ca00000|  0%| F|  |TAMS 0x000000070c800000| PB 0x000000070c800000| Untracked |  0
|  72|0x000000070ca00000, 0x000000070ca00000, 0x000000070cc00000|  0%| F|  |TAMS 0x000000070ca00000| PB 0x000000070ca00000| Untracked |  0
|  73|0x000000070cc00000, 0x000000070cc00000, 0x000000070ce00000|  0%| F|  |TAMS 0x000000070cc00000| PB 0x000000070cc00000| Untracked |  0
|  74|0x000000070ce00000, 0x000000070ce00000, 0x000000070d000000|  0%| F|  |TAMS 0x000000070ce00000| PB 0x000000070ce00000| Untracked |  0
|  75|0x000000070d000000, 0x000000070d000000, 0x000000070d200000|  0%| F|  |TAMS 0x000000070d000000| PB 0x000000070d000000| Untracked |  0
|  76|0x000000070d200000, 0x000000070d200000, 0x000000070d400000|  0%| F|  |TAMS 0x000000070d200000| PB 0x000000070d200000| Untracked |  0
|  77|0x000000070d400000, 0x000000070d400000, 0x000000070d600000|  0%| F|  |TAMS 0x000000070d400000| PB 0x000000070d400000| Untracked |  0
|  78|0x000000070d600000, 0x000000070d600000, 0x000000070d800000|  0%| F|  |TAMS 0x000000070d600000| PB 0x000000070d600000| Untracked |  0
|  79|0x000000070d800000, 0x000000070d800000, 0x000000070da00000|  0%| F|  |TAMS 0x000000070d800000| PB 0x000000070d800000| Untracked |  0
|  80|0x000000070da00000, 0x000000070da00000, 0x000000070dc00000|  0%| F|  |TAMS 0x000000070da00000| PB 0x000000070da00000| Untracked |  0
|  81|0x000000070dc00000, 0x000000070dc00000, 0x000000070de00000|  0%| F|  |TAMS 0x000000070dc00000| PB 0x000000070dc00000| Untracked |  0
|  82|0x000000070de00000, 0x000000070de00000, 0x000000070e000000|  0%| F|  |TAMS 0x000000070de00000| PB 0x000000070de00000| Untracked |  0
|  83|0x000000070e000000, 0x000000070e000000, 0x000000070e200000|  0%| F|  |TAMS 0x000000070e000000| PB 0x000000070e000000| Untracked |  0
|  84|0x000000070e200000, 0x000000070e200000, 0x000000070e400000|  0%| F|  |TAMS 0x000000070e200000| PB 0x000000070e200000| Untracked |  0
|  85|0x000000070e400000, 0x000000070e400000, 0x000000070e600000|  0%| F|  |TAMS 0x000000070e400000| PB 0x000000070e400000| Untracked |  0
|  86|0x000000070e600000, 0x000000070e600000, 0x000000070e800000|  0%| F|  |TAMS 0x000000070e600000| PB 0x000000070e600000| Untracked |  0
|  87|0x000000070e800000, 0x000000070e800000, 0x000000070ea00000|  0%| F|  |TAMS 0x000000070e800000| PB 0x000000070e800000| Untracked |  0
|  88|0x000000070ea00000, 0x000000070ea00000, 0x000000070ec00000|  0%| F|  |TAMS 0x000000070ea00000| PB 0x000000070ea00000| Untracked |  0
|  89|0x000000070ec00000, 0x000000070ec00000, 0x000000070ee00000|  0%| F|  |TAMS 0x000000070ec00000| PB 0x000000070ec00000| Untracked |  0
|  90|0x000000070ee00000, 0x000000070ee00000, 0x000000070f000000|  0%| F|  |TAMS 0x000000070ee00000| PB 0x000000070ee00000| Untracked |  0
|  91|0x000000070f000000, 0x000000070f000000, 0x000000070f200000|  0%| F|  |TAMS 0x000000070f000000| PB 0x000000070f000000| Untracked |  0
|  92|0x000000070f200000, 0x000000070f200000, 0x000000070f400000|  0%| F|  |TAMS 0x000000070f200000| PB 0x000000070f200000| Untracked |  0
|  93|0x000000070f400000, 0x000000070f400000, 0x000000070f600000|  0%| F|  |TAMS 0x000000070f400000| PB 0x000000070f400000| Untracked |  0
|  94|0x000000070f600000, 0x000000070f600000, 0x000000070f800000|  0%| F|  |TAMS 0x000000070f600000| PB 0x000000070f600000| Untracked |  0
|  95|0x000000070f800000, 0x000000070f800000, 0x000000070fa00000|  0%| F|  |TAMS 0x000000070f800000| PB 0x000000070f800000| Untracked |  0
|  96|0x000000070fa00000, 0x000000070fa00000, 0x000000070fc00000|  0%| F|  |TAMS 0x000000070fa00000| PB 0x000000070fa00000| Untracked |  0
|  97|0x000000070fc00000, 0x000000070fc00000, 0x000000070fe00000|  0%| F|  |TAMS 0x000000070fc00000| PB 0x000000070fc00000| Untracked |  0
|  98|0x000000070fe00000, 0x000000070fe00000, 0x0000000710000000|  0%| F|  |TAMS 0x000000070fe00000| PB 0x000000070fe00000| Untracked |  0
|  99|0x0000000710000000, 0x0000000710000000, 0x0000000710200000|  0%| F|  |TAMS 0x0000000710000000| PB 0x0000000710000000| Untracked |  0
| 100|0x0000000710200000, 0x0000000710400000, 0x0000000710400000|100%| S|CS|TAMS 0x0000000710200000| PB 0x0000000710200000| Complete |  0
| 101|0x0000000710400000, 0x0000000710600000, 0x0000000710600000|100%| S|CS|TAMS 0x0000000710400000| PB 0x0000000710400000| Complete |  0
| 102|0x0000000710600000, 0x0000000710800000, 0x0000000710800000|100%| S|CS|TAMS 0x0000000710600000| PB 0x0000000710600000| Complete |  0
| 103|0x0000000710800000, 0x0000000710800000, 0x0000000710a00000|  0%| F|  |TAMS 0x0000000710800000| PB 0x0000000710800000| Untracked |  0
| 104|0x0000000710a00000, 0x0000000710a00000, 0x0000000710c00000|  0%| F|  |TAMS 0x0000000710a00000| PB 0x0000000710a00000| Untracked |  0
| 105|0x0000000710c00000, 0x0000000710c00000, 0x0000000710e00000|  0%| F|  |TAMS 0x0000000710c00000| PB 0x0000000710c00000| Untracked |  0
| 106|0x0000000710e00000, 0x0000000710e00000, 0x0000000711000000|  0%| F|  |TAMS 0x0000000710e00000| PB 0x0000000710e00000| Untracked |  0
| 107|0x0000000711000000, 0x0000000711000000, 0x0000000711200000|  0%| F|  |TAMS 0x0000000711000000| PB 0x0000000711000000| Untracked |  0
| 108|0x0000000711200000, 0x0000000711200000, 0x0000000711400000|  0%| F|  |TAMS 0x0000000711200000| PB 0x0000000711200000| Untracked |  0
| 109|0x0000000711400000, 0x0000000711400000, 0x0000000711600000|  0%| F|  |TAMS 0x0000000711400000| PB 0x0000000711400000| Untracked |  0
| 110|0x0000000711600000, 0x0000000711600000, 0x0000000711800000|  0%| F|  |TAMS 0x0000000711600000| PB 0x0000000711600000| Untracked |  0
| 111|0x0000000711800000, 0x0000000711800000, 0x0000000711a00000|  0%| F|  |TAMS 0x0000000711800000| PB 0x0000000711800000| Untracked |  0
| 112|0x0000000711a00000, 0x0000000711a00000, 0x0000000711c00000|  0%| F|  |TAMS 0x0000000711a00000| PB 0x0000000711a00000| Untracked |  0
| 113|0x0000000711c00000, 0x0000000711c00000, 0x0000000711e00000|  0%| F|  |TAMS 0x0000000711c00000| PB 0x0000000711c00000| Untracked |  0
| 114|0x0000000711e00000, 0x0000000711e00000, 0x0000000712000000|  0%| F|  |TAMS 0x0000000711e00000| PB 0x0000000711e00000| Untracked |  0
| 115|0x0000000712000000, 0x0000000712000000, 0x0000000712200000|  0%| F|  |TAMS 0x0000000712000000| PB 0x0000000712000000| Untracked |  0
| 116|0x0000000712200000, 0x0000000712200000, 0x0000000712400000|  0%| F|  |TAMS 0x0000000712200000| PB 0x0000000712200000| Untracked |  0
| 117|0x0000000712400000, 0x0000000712400000, 0x0000000712600000|  0%| F|  |TAMS 0x0000000712400000| PB 0x0000000712400000| Untracked |  0
| 118|0x0000000712600000, 0x0000000712600000, 0x0000000712800000|  0%| F|  |TAMS 0x0000000712600000| PB 0x0000000712600000| Untracked |  0
| 119|0x0000000712800000, 0x0000000712800000, 0x0000000712a00000|  0%| F|  |TAMS 0x0000000712800000| PB 0x0000000712800000| Untracked |  0
| 120|0x0000000712a00000, 0x0000000712a00000, 0x0000000712c00000|  0%| F|  |TAMS 0x0000000712a00000| PB 0x0000000712a00000| Untracked |  0
| 121|0x0000000712c00000, 0x0000000712c00000, 0x0000000712e00000|  0%| F|  |TAMS 0x0000000712c00000| PB 0x0000000712c00000| Untracked |  0
| 122|0x0000000712e00000, 0x0000000712e00000, 0x0000000713000000|  0%| F|  |TAMS 0x0000000712e00000| PB 0x0000000712e00000| Untracked |  0
| 123|0x0000000713000000, 0x000000071313d800, 0x0000000713200000| 62%| E|  |TAMS 0x0000000713000000| PB 0x0000000713000000| Complete |  0
| 124|0x0000000713200000, 0x0000000713400000, 0x0000000713400000|100%| E|CS|TAMS 0x0000000713200000| PB 0x0000000713200000| Complete |  0
| 125|0x0000000713400000, 0x0000000713600000, 0x0000000713600000|100%| E|CS|TAMS 0x0000000713400000| PB 0x0000000713400000| Complete |  0
| 126|0x0000000713600000, 0x0000000713800000, 0x0000000713800000|100%| E|CS|TAMS 0x0000000713600000| PB 0x0000000713600000| Complete |  0
|2018|0x00000007ffe00000, 0x00000007fff1c330, 0x0000000800000000| 55%| O|  |TAMS 0x00000007ffe00000| PB 0x00000007ffe00000| Untracked |  0

Card table byte_map: [0x0000024efe030000,0x0000024efe820000] _byte_map_base: 0x0000024efa813000

Marking Bits: (CMBitMap*) 0x0000024ef39b1ae0
 Bits: [0x0000024e8f000000, 0x0000024e92f18000)

Polling page: 0x0000024ef3480000

Metaspace:

Usage:
  Non-class:      9.37 MB used.
      Class:    797.16 KB used.
       Both:     10.14 MB used.

Virtual space:
  Non-class space:       64.00 MB reserved,       9.44 MB ( 15%) committed,  1 nodes.
      Class space:        1.00 GB reserved,     896.00 KB ( <1%) committed,  1 nodes.
             Both:        1.06 GB reserved,      10.31 MB ( <1%) committed. 

Chunk freelists:
   Non-Class:  6.28 MB
       Class:  15.02 MB
        Both:  21.30 MB

MaxMetaspaceSize: unlimited
CompressedClassSpaceSize: 1.00 GB
Initial GC threshold: 21.00 MB
Current GC threshold: 21.00 MB
CDS: on
 - commit_granule_bytes: 65536.
 - commit_granule_words: 8192.
 - virtual_space_node_default_size: 8388608.
 - enlarge_chunks_in_place: 1.
UseCompressedClassPointers 1, UseCompactObjectHeaders 0
Narrow klass pointer bits 32, Max shift 3
Narrow klass base: 0x0000024e95000000, Narrow klass shift: 0
Encoding Range: [0x0000024e95000000 - 0x0000024f95000000), (4294967296 bytes)
Klass Range:    [0x0000024e95000000 - 0x0000024ed6000000), (1090519040 bytes)
Klass ID Range:  [8 - 1090519033) (1090519025)


Internal statistics:

num_allocs_failed_limit: 0.
num_arena_births: 34.
num_arena_deaths: 0.
num_vsnodes_births: 2.
num_vsnodes_deaths: 0.
num_space_committed: 165.
num_space_uncommitted: 0.
num_chunks_returned_to_freelist: 0.
num_chunks_taken_from_freelist: 165.
num_chunk_merges: 0.
num_chunk_splits: 134.
num_chunks_enlarged: 121.
num_inconsistent_stats: 0.

CodeHeap 'non-profiled nmethods': size=120064Kb used=115Kb max_used=115Kb free=119948Kb
 bounds [0x0000024e87ac0000, 0x0000024e87d30000, 0x0000024e8f000000]
CodeHeap 'profiled nmethods': size=120000Kb used=216Kb max_used=216Kb free=119783Kb
 bounds [0x0000024e80000000, 0x0000024e80270000, 0x0000024e87530000]
CodeHeap 'non-nmethods': size=5696Kb used=1401Kb max_used=1401Kb free=4294Kb
 bounds [0x0000024e87530000, 0x0000024e877a0000, 0x0000024e87ac0000]
CodeCache: size=245760Kb, used=1732Kb, max_used=1732Kb, free=244025Kb
 total_blobs=803, nmethods=293, adapters=416, full_count=0
Compilation: enabled, stopped_count=0, restarted_count=0

Compilation events (20 events):
Event: 0.255 Thread 0x0000024eff00f6c0 nmethod 234 0x0000024e87ad4b08 code [0x0000024e87ad4c40, 0x0000024e87ad52b8]
Event: 0.255 Thread 0x0000024eff00f6c0  239       4       java.util.Objects::requireNonNull (14 bytes)
Event: 0.257 Thread 0x0000024eff00f6c0 

Event: 0.257 Thread 0x0000024eff00f6c0  246       4       org.jetbrains.capture.org.objectweb.asm.ClassReader::readUnsignedShort (26 bytes)
Event: 0.258 Thread 0x0000024eff00f6c0 nmethod 246 0x0000024e87ad5388 code [0x0000024e87ad5480, 0x0000024e87ad5588]
Event: 0.259 Thread 0x0000024eff010240 

Event: 0.259 Thread 0x0000024eff010240  257       3       org.jetbrains.capture.org.objectweb.asm.SymbolTable::addConstantUtf8 (98 bytes)
Event: 0.260 Thread 0x0000024eff010240 nmethod 257 0x0000024e80034b08 code [0x0000024e80034cc0, 0x0000024e800353c0]
Event: 0.260 Thread 0x0000024eff010240  256       3       org.jetbrains.capture.org.objectweb.asm.ClassReader::readBytecodeInstructionOffset (1 bytes)
Event: 0.260 Thread 0x0000024eff010240 nmethod 256 0x0000024e80035408 code [0x0000024e80035520, 0x0000024e80035628]
Event: 0.260 Thread 0x0000024eff00f6c0  258       4       java.util.HashMap::putVal (300 bytes)
Event: 0.262 Thread 0x0000024eff010240  259       1       sun.instrument.TransformerManager$TransformerInfo::transformer (5 bytes)
Event: 0.262 Thread 0x0000024eff010240 nmethod 259 0x0000024e87ad5688 code [0x0000024e87ad5780, 0x0000024e87ad5848]
Event: 0.262 Thread 0x0000024eff010240  260       3       java.lang.StringUTF16::getChar (60 bytes)
Event: 0.262 Thread 0x0000024eff010240 nmethod 260 0x0000024e80035708 code [0x0000024e80035820, 0x0000024e80035990]
Event: 0.262 Thread 0x0000024eff010240  261       3       java.util.HashSet::contains (9 bytes)
Event: 0.263 Thread 0x0000024eff010240 nmethod 261 0x0000024e80035a08 code [0x0000024e80035b40, 0x0000024e80035e48]
Event: 0.268 Thread 0x0000024eff010240  262       3       java.lang.instrument.ClassFileTransformer::transform (15 bytes)
Event: 0.268 Thread 0x0000024eff010240 nmethod 262 0x0000024e80035e88 code [0x0000024e80035fa0, 0x0000024e800361a8]
Event: 0.271 Thread 0x0000024eff00f6c0 nmethod 258 0x0000024e87ad5988 code [0x0000024e87ad5b40, 0x0000024e87ad6918]

GC Heap History (2 events):
Event: 61.486 GC heap before
{Heap before GC invocations=0 (full 0):
 garbage-first heap   total reserved 4134912K, committed 262144K, used 48240K [0x0000000703a00000, 0x0000000800000000)
  region size 2048K, 24 young (49152K), 0 survivors (0K)
 Metaspace       used 9804K, committed 9984K, reserved 1114112K
  class space    used 741K, committed 832K, reserved 1048576K
}
Event: 61.492 GC heap after
{Heap after GC invocations=1 (full 0):
 garbage-first heap   total reserved 4134912K, committed 262144K, used 9627K [0x0000000703a00000, 0x0000000800000000)
  region size 2048K, 3 young (6144K), 3 survivors (6144K)
 Metaspace       used 9804K, committed 9984K, reserved 1114112K
  class space    used 741K, committed 832K, reserved 1048576K
}

Dll operation events (9 events):
Event: 0.126 Loaded shared library C:\Users\Ab.abdelsattar\.jdks\corretto-24.0.2\bin\java.dll
Event: 0.129 Loaded shared library C:\Users\Ab.abdelsattar\.jdks\corretto-24.0.2\bin\zip.dll
Event: 0.159 Loaded shared library C:\Users\Ab.abdelsattar\.jdks\corretto-24.0.2\bin\jsvml.dll
Event: 0.228 Loaded shared library C:\Users\Ab.abdelsattar\.jdks\corretto-24.0.2\bin\instrument.dll
Event: 18.039 Loaded shared library C:\Users\Ab.abdelsattar\.jdks\corretto-24.0.2\bin\net.dll
Event: 18.045 Loaded shared library C:\Users\Ab.abdelsattar\.jdks\corretto-24.0.2\bin\nio.dll
Event: 36.360 Loaded shared library C:\Users\Ab.abdelsattar\.jdks\corretto-24.0.2\bin\zip.dll
Event: 37.654 Loaded shared library C:\Users\Ab.abdelsattar\.jdks\corretto-24.0.2\bin\jimage.dll
Event: 70.633 Loaded shared library C:\Users\Ab.abdelsattar\AppData\Local\Temp\idea_libasyncProfiler_dll_temp_folder\libasyncProfiler.dll

Deoptimization events (20 events):
Event: 0.246 Thread 0x0000024ef3d2ff90 Uncommon trap: trap_request=0xffffff4d fr.pc=0x0000024e87ac8ee8 relative=0x00000000000000c8
Event: 0.246 Thread 0x0000024ef3d2ff90 Uncommon trap: reason=unstable_if action=reinterpret pc=0x0000024e87ac8ee8 method=java.lang.String.hashCode()I @ 42 c2
Event: 0.246 Thread 0x0000024ef3d2ff90 DEOPT PACKING pc=0x0000024e87ac8ee8 sp=0x000000e66f7fcc90
Event: 0.246 Thread 0x0000024ef3d2ff90 DEOPT UNPACKING pc=0x0000024e87656282 sp=0x000000e66f7fcc28 mode 2
Event: 0.250 Thread 0x0000024ef3d2ff90 Uncommon trap: trap_request=0xffffffde fr.pc=0x0000024e87acf2d0 relative=0x00000000000009b0
Event: 0.250 Thread 0x0000024ef3d2ff90 Uncommon trap: reason=class_check action=maybe_recompile pc=0x0000024e87acf2d0 method=java.util.HashMap.putVal(ILjava/lang/Object;Ljava/lang/Object;ZZ)Ljava/lang/Object; @ 106 c2
Event: 0.250 Thread 0x0000024ef3d2ff90 DEOPT PACKING pc=0x0000024e87acf2d0 sp=0x000000e66f7fc6d0
Event: 0.250 Thread 0x0000024ef3d2ff90 DEOPT UNPACKING pc=0x0000024e87656282 sp=0x000000e66f7fc668 mode 2
Event: 0.250 Thread 0x0000024ef3d2ff90 Uncommon trap: trap_request=0xffffffde fr.pc=0x0000024e87acf2d0 relative=0x00000000000009b0
Event: 0.250 Thread 0x0000024ef3d2ff90 Uncommon trap: reason=class_check action=maybe_recompile pc=0x0000024e87acf2d0 method=java.util.HashMap.putVal(ILjava/lang/Object;Ljava/lang/Object;ZZ)Ljava/lang/Object; @ 106 c2
Event: 0.250 Thread 0x0000024ef3d2ff90 DEOPT PACKING pc=0x0000024e87acf2d0 sp=0x000000e66f7fc6d0
Event: 0.250 Thread 0x0000024ef3d2ff90 DEOPT UNPACKING pc=0x0000024e87656282 sp=0x000000e66f7fc668 mode 2
Event: 0.250 Thread 0x0000024ef3d2ff90 Uncommon trap: trap_request=0xffffffde fr.pc=0x0000024e87acf2d0 relative=0x00000000000009b0
Event: 0.250 Thread 0x0000024ef3d2ff90 Uncommon trap: reason=class_check action=maybe_recompile pc=0x0000024e87acf2d0 method=java.util.HashMap.putVal(ILjava/lang/Object;Ljava/lang/Object;ZZ)Ljava/lang/Object; @ 106 c2
Event: 0.250 Thread 0x0000024ef3d2ff90 DEOPT PACKING pc=0x0000024e87acf2d0 sp=0x000000e66f7fc610
Event: 0.250 Thread 0x0000024ef3d2ff90 DEOPT UNPACKING pc=0x0000024e87656282 sp=0x000000e66f7fc5a8 mode 2
Event: 0.250 Thread 0x0000024ef3d2ff90 Uncommon trap: trap_request=0xffffffde fr.pc=0x0000024e87acf2d0 relative=0x00000000000009b0
Event: 0.250 Thread 0x0000024ef3d2ff90 Uncommon trap: reason=class_check action=maybe_recompile pc=0x0000024e87acf2d0 method=java.util.HashMap.putVal(ILjava/lang/Object;Ljava/lang/Object;ZZ)Ljava/lang/Object; @ 106 c2
Event: 0.250 Thread 0x0000024ef3d2ff90 DEOPT PACKING pc=0x0000024e87acf2d0 sp=0x000000e66f7fc610
Event: 0.250 Thread 0x0000024ef3d2ff90 DEOPT UNPACKING pc=0x0000024e87656282 sp=0x000000e66f7fc5a8 mode 2

Classes loaded (20 events):
Event: 61.590 Loading class com/fasterxml/jackson/databind/util/internal/PrivateMaxEntriesMap$AddTask
Event: 61.590 Loading class com/fasterxml/jackson/databind/util/internal/PrivateMaxEntriesMap$AddTask done
Event: 61.593 Loading class com/fasterxml/jackson/databind/util/LinkedNode
Event: 61.593 Loading class com/fasterxml/jackson/databind/util/LinkedNode done
Event: 61.594 Loading class com/fasterxml/jackson/databind/annotation/JsonTypeResolver
Event: 61.594 Loading class com/fasterxml/jackson/databind/annotation/JsonTypeResolver done
Event: 61.595 Loading class com/fasterxml/jackson/databind/deser/std/BaseNodeDeserializer$ContainerStack
Event: 61.595 Loading class com/fasterxml/jackson/databind/deser/std/BaseNodeDeserializer$ContainerStack done
Event: 61.596 Loading class com/fasterxml/jackson/core/util/InternCache
Event: 61.596 Loading class com/fasterxml/jackson/core/util/InternCache done
Event: 61.598 Loading class com/fasterxml/jackson/core/JsonParser$NumberTypeFP
Event: 61.598 Loading class com/fasterxml/jackson/core/JsonParser$NumberTypeFP done
Event: 61.599 Loading class com/fasterxml/jackson/core/StreamReadFeature
Event: 61.599 Loading class com/fasterxml/jackson/core/StreamReadFeature done
Event: 61.600 Loading class com/fasterxml/jackson/core/io/NumberInput
Event: 61.600 Loading class com/fasterxml/jackson/core/io/NumberInput done
Event: 70.579 Loading class kotlinx/coroutines/debug/internal/DebugProbesImpl
Event: 70.579 Loading class kotlinx/coroutines/debug/internal/DebugProbesImpl done
Event: 70.580 Loading class sun/nio/cs/UTF_8$Decoder
Event: 70.580 Loading class sun/nio/cs/UTF_8$Decoder done

Classes unloaded (0 events):
No events

Classes redefined (1 events):
Event: 0.256 Thread 0x0000024efefdf1c0 redefined class name=java.lang.Throwable, count=1

Internal exceptions (7 events):
Event: 0.228 Thread 0x0000024ef3d2ff90 Exception <a 'java/lang/NoSuchMethodError'{0x0000000713531fd8}: 'void java.lang.invoke.DirectMethodHandle$Holder.invokeStatic(java.lang.Object, java.lang.Object, java.lang.Object)'> (0x0000000713531fd8) 
thrown [s\src\hotspot\share\interpreter\linkResolver.cpp, line 805]
Event: 0.233 Thread 0x0000024ef3d2ff90 Exception <a 'java/lang/NoSuchMethodError'{0x0000000713566b98}: 'java.lang.Object java.lang.invoke.Invokers$Holder.invokeExact_MT(java.lang.Object, java.lang.Object, java.lang.Object, java.lang.Object, java.lang.Object)'> (0x0000000713566b98) 
thrown [s\src\hotspot\share\interpreter\linkResolver.cpp, line 805]
Event: 8.109 Thread 0x0000024ef3d2ff90 Exception <a 'java/lang/ClassNotFoundException'{0x0000000713255dc8}: com/intellij/rt/debugger/BatchEvaluatorServer> (0x0000000713255dc8) 
thrown [s\src\hotspot\share\classfile\systemDictionary.cpp, line 327]
Event: 37.181 Thread 0x0000024ef3d2ff90 Exception <a 'java/lang/NoSuchMethodError'{0x00000007123f9698}: 'java.lang.Object java.lang.invoke.DirectMethodHandle$Holder.invokeStaticInit(java.lang.Object)'> (0x00000007123f9698) 
thrown [s\src\hotspot\share\interpreter\linkResolver.cpp, line 805]
Event: 37.240 Thread 0x0000024ef3d2ff90 Exception <a 'java/lang/NoSuchMethodError'{0x00000007120c68e8}: 'int java.lang.invoke.DirectMethodHandle$Holder.invokeStatic(java.lang.Object, int, java.lang.Object)'> (0x00000007120c68e8) 
thrown [s\src\hotspot\share\interpreter\linkResolver.cpp, line 805]
Event: 37.248 Thread 0x0000024ef3d2ff90 Exception <a 'java/lang/NoSuchMethodError'{0x0000000712106478}: 'void java.lang.invoke.DirectMethodHandle$Holder.invokeVirtual(java.lang.Object, java.lang.Object)'> (0x0000000712106478) 
thrown [s\src\hotspot\share\interpreter\linkResolver.cpp, line 805]
Event: 37.360 Thread 0x0000024ef3d2ff90 Exception <a 'java/lang/NoSuchMethodError'{0x0000000711f05c80}: 'void java.lang.invoke.DirectMethodHandle$Holder.invokeStaticInit(java.lang.Object, java.lang.Object, java.lang.Object)'> (0x0000000711f05c80) 
thrown [s\src\hotspot\share\interpreter\linkResolver.cpp, line 805]

VM Operations (20 events):
Event: 60.842 Executing VM operation: ChangeSingleStep
Event: 60.842 Executing VM operation: ChangeSingleStep done
Event: 60.843 Executing VM operation: ChangeSingleStep
Event: 60.843 Executing VM operation: ChangeSingleStep done
Event: 60.843 Executing VM operation: ChangeSingleStep
Event: 60.843 Executing VM operation: ChangeSingleStep done
Event: 61.486 Executing VM operation: G1CollectForAllocation (G1 Evacuation Pause)
Event: 61.492 Executing VM operation: G1CollectForAllocation (G1 Evacuation Pause) done
Event: 62.052 Executing VM operation: ChangeSingleStep
Event: 62.052 Executing VM operation: ChangeSingleStep done
Event: 62.052 Executing VM operation: ChangeSingleStep
Event: 62.052 Executing VM operation: ChangeSingleStep done
Event: 62.056 Executing VM operation: get/set locals
Event: 62.056 Executing VM operation: get/set locals done
Event: 62.057 Executing VM operation: get/set locals
Event: 62.057 Executing VM operation: get/set locals done
Event: 62.057 Executing VM operation: get/set locals
Event: 62.057 Executing VM operation: get/set locals done
Event: 70.608 Executing VM operation: ChangeBreakpoints
Event: 70.608 Executing VM operation: ChangeBreakpoints done

Memory protections (0 events):
No events

Nmethod flushes (0 events):
No events

Events (14 events):
Event: 0.145 Thread 0x0000024ef3d2ff90 Thread added: 0x0000024ef3d2ff90
Event: 0.155 Thread 0x0000024ef3d2ff90 Thread added: 0x0000024efefec1a0
Event: 0.155 Thread 0x0000024ef3d2ff90 Thread added: 0x0000024efefecae0
Event: 0.155 Thread 0x0000024ef3d2ff90 Thread added: 0x0000024efeff5050
Event: 0.156 Thread 0x0000024ef3d2ff90 Thread added: 0x0000024efeff7b10
Event: 0.156 Thread 0x0000024ef3d2ff90 Thread added: 0x0000024efeff6c70
Event: 0.156 Thread 0x0000024ef3d2ff90 Thread added: 0x0000024efeff9100
Event: 0.156 Thread 0x0000024ef3d2ff90 Thread added: 0x0000024eff00f6c0
Event: 0.156 Thread 0x0000024ef3d2ff90 Thread added: 0x0000024eff010240
Event: 0.210 Thread 0x0000024ef3d2ff90 Thread added: 0x0000024eff1f47f0
Event: 0.210 Thread 0x0000024ef3d2ff90 Thread added: 0x0000024eda04b890
Event: 0.211 Thread 0x0000024eff1f47f0 Thread added: 0x0000024eff1cccd0
Event: 0.261 Thread 0x0000024ef3d2ff90 Thread added: 0x0000024efeff5dd0
Event: 0.267 Thread 0x0000024ef3d2ff90 Thread added: 0x0000024efeff89b0


Dynamic libraries:
0x00007ff6fb270000 - 0x00007ff6fb27e000 	C:\Users\Ab.abdelsattar\.jdks\corretto-24.0.2\bin\java.exe
0x00007ffa8e670000 - 0x00007ffa8e888000 	C:\Windows\SYSTEM32\ntdll.dll
0x00007ffa8ccb0000 - 0x00007ffa8cd74000 	C:\Windows\System32\KERNEL32.DLL
0x00007ffa8bdf0000 - 0x00007ffa8c1b7000 	C:\Windows\System32\KERNELBASE.dll
0x00007ffa7aaa0000 - 0x00007ffa7ab37000 	C:\Windows\SYSTEM32\apphelp.dll
0x00007ffa8c1f0000 - 0x00007ffa8c301000 	C:\Windows\System32\ucrtbase.dll
0x00007ffa75550000 - 0x00007ffa75567000 	C:\Users\Ab.abdelsattar\.jdks\corretto-24.0.2\bin\jli.dll
0x00007ffa73650000 - 0x00007ffa7366e000 	C:\Users\Ab.abdelsattar\.jdks\corretto-24.0.2\bin\VCRUNTIME140.dll
0x00007ffa8c750000 - 0x00007ffa8c902000 	C:\Windows\System32\USER32.dll
0x00007ffa7a800000 - 0x00007ffa7aa9c000 	C:\Windows\WinSxS\amd64_microsoft.windows.common-controls_6595b64144ccf1df_6.0.22621.6060_none_2712eda17382d24b\COMCTL32.dll
0x00007ffa8bd00000 - 0x00007ffa8bd26000 	C:\Windows\System32\win32u.dll
0x00007ffa8d710000 - 0x00007ffa8d7b7000 	C:\Windows\System32\msvcrt.dll
0x00007ffa8c720000 - 0x00007ffa8c749000 	C:\Windows\System32\GDI32.dll
0x00007ffa8baa0000 - 0x00007ffa8bbbb000 	C:\Windows\System32\gdi32full.dll
0x00007ffa8ba00000 - 0x00007ffa8ba9a000 	C:\Windows\System32\msvcp_win.dll
0x00007ffa8d420000 - 0x00007ffa8d451000 	C:\Windows\System32\IMM32.DLL
0x00007ffa57b70000 - 0x00007ffa57c21000 	C:\Program Files\McAfee\Endpoint Security\Threat Prevention\Ips\EpMPApi.dll
0x00007ffa8c510000 - 0x00007ffa8c628000 	C:\Windows\System32\RPCRT4.dll
0x00007ffa8c310000 - 0x00007ffa8c3c1000 	C:\Windows\System32\ADVAPI32.dll
0x00007ffa8d8a0000 - 0x00007ffa8d948000 	C:\Windows\System32\sechost.dll
0x00007ffa8c1c0000 - 0x00007ffa8c1e8000 	C:\Windows\System32\bcrypt.dll
0x00007ffa8b900000 - 0x00007ffa8b97c000 	C:\Windows\System32\WINTRUST.dll
0x00007ffa8b790000 - 0x00007ffa8b8f8000 	C:\Windows\System32\CRYPT32.dll
0x00007ffa8b080000 - 0x00007ffa8b092000 	C:\Windows\SYSTEM32\MSASN1.dll
0x0000000066cc0000 - 0x0000000066ccc000 	C:\Program Files\McAfee\Endpoint Security\Threat Prevention\Ips\EpMPThe.dll
0x00007ffa7d2b0000 - 0x00007ffa7d30b000 	C:\Program Files\McAfee\Endpoint Security\Threat Prevention\Ips\HIPHandlers64.dll
0x00007ffa8dbe0000 - 0x00007ffa8e47c000 	C:\Windows\System32\SHELL32.dll
0x00007ffa8bbc0000 - 0x00007ffa8bcff000 	C:\Windows\System32\wintypes.dll
0x00007ffa8c910000 - 0x00007ffa8cca1000 	C:\Windows\System32\combase.dll
0x00007ffa8c3d0000 - 0x00007ffa8c439000 	C:\Windows\System32\SHLWAPI.dll
0x00007ffa88ec0000 - 0x00007ffa890f3000 	C:\Windows\SYSTEM32\dbghelp.dll
0x00007ffa89ff0000 - 0x00007ffa8a01d000 	C:\Windows\SYSTEM32\IPHLPAPI.DLL
0x00007ffa8c630000 - 0x00007ffa8c708000 	C:\Windows\System32\OLEAUT32.dll
0x00007ffa55370000 - 0x00007ffa55427000 	C:\Program Files\Common Files\McAfee\SystemCore\mfehcinj.dll
0x00007ffa5ab00000 - 0x00007ffa5ab0f000 	C:\Program Files\Common Files\McAfee\SystemCore\mfehcthe.dll
0x00007ffa552f0000 - 0x00007ffa5536f000 	C:\Program Files\McAfee\MAR\mvcairo_x64.dll
0x0000024ef3190000 - 0x0000024ef3331000 	C:\Windows\System32\ole32.dll
0x00007ffa819e0000 - 0x00007ffa81a12000 	C:\Windows\SYSTEM32\dbgcore.DLL
0x00007ffa82800000 - 0x00007ffa8280c000 	C:\Users\Ab.abdelsattar\.jdks\corretto-24.0.2\bin\vcruntime140_1.dll
0x00007ffa1d2d0000 - 0x00007ffa1d359000 	C:\Users\Ab.abdelsattar\.jdks\corretto-24.0.2\bin\msvcp140.dll
0x00007ff9d1b40000 - 0x00007ff9d29b5000 	C:\Users\Ab.abdelsattar\.jdks\corretto-24.0.2\bin\server\jvm.dll
0x00007ffa8d290000 - 0x00007ffa8d301000 	C:\Windows\System32\WS2_32.dll
0x00007ffa8a5a0000 - 0x00007ffa8a5ed000 	C:\Windows\SYSTEM32\POWRPROF.dll
0x00007ffa82fa0000 - 0x00007ffa82fd4000 	C:\Windows\SYSTEM32\WINMM.dll
0x00007ffa832b0000 - 0x00007ffa832ba000 	C:\Windows\SYSTEM32\VERSION.dll
0x00007ffa8a580000 - 0x00007ffa8a593000 	C:\Windows\SYSTEM32\UMPDC.dll
0x00007ffa8a820000 - 0x00007ffa8a838000 	C:\Windows\SYSTEM32\kernel.appcore.dll
0x00007ffa73640000 - 0x00007ffa7364a000 	C:\Users\Ab.abdelsattar\.jdks\corretto-24.0.2\bin\jimage.dll
0x00007ffa8b980000 - 0x00007ffa8b9fb000 	C:\Windows\System32\bcryptPrimitives.dll
0x00007ffa1d290000 - 0x00007ffa1d2cd000 	C:\Users\Ab.abdelsattar\.jdks\corretto-24.0.2\bin\jdwp.dll
0x00007ff9f7ed0000 - 0x00007ff9f80de000 	C:\Users\Ab.abdelsattar\AppData\Local\Temp\idea_libasyncProfiler_dll_temp_folder\libasyncProfiler.dll
0x00007ffa5fa70000 - 0x00007ffa5fa80000 	C:\Users\Ab.abdelsattar\.jdks\corretto-24.0.2\bin\instrument.dll
0x00007ffa73610000 - 0x00007ffa7362f000 	C:\Users\Ab.abdelsattar\.jdks\corretto-24.0.2\bin\java.dll
0x00007ffa5fa50000 - 0x00007ffa5fa67000 	C:\Users\Ab.abdelsattar\.jdks\corretto-24.0.2\bin\zip.dll
0x00007ffa89580000 - 0x00007ffa89e9a000 	C:\Windows\SYSTEM32\windows.storage.dll
0x00007ffa8d310000 - 0x00007ffa8d414000 	C:\Windows\System32\SHCORE.dll
0x00007ffa8b6c0000 - 0x00007ffa8b6e5000 	C:\Windows\SYSTEM32\profapi.dll
0x00007ffa1ce90000 - 0x00007ffa1cf67000 	C:\Users\Ab.abdelsattar\.jdks\corretto-24.0.2\bin\jsvml.dll
0x00007ffa59d10000 - 0x00007ffa59d1c000 	C:\Users\Ab.abdelsattar\.jdks\corretto-24.0.2\bin\dt_socket.dll
0x00007ffa8ace0000 - 0x00007ffa8ad49000 	C:\Windows\system32\mswsock.dll
0x00007ffa59d20000 - 0x00007ffa59d31000 	C:\Users\Ab.abdelsattar\.jdks\corretto-24.0.2\bin\net.dll
0x00007ffa1d270000 - 0x00007ffa1d286000 	C:\Users\Ab.abdelsattar\.jdks\corretto-24.0.2\bin\nio.dll

JVMTI agents:
jdwp path:C:\Users\Ab.abdelsattar\.jdks\corretto-24.0.2\bin\jdwp.dll, loaded, initialized, options:transport=dt_socket,address=127.0.0.1:60664,suspend=y,server=n
C:\Users\Ab.abdelsattar\AppData\Local\Temp\idea_libasyncProfiler_dll_temp_folder\libasyncProfiler.dll path:C:\Users\Ab.abdelsattar\AppData\Local\Temp\idea_libasyncProfiler_dll_temp_folder\libasyncProfiler.dll, loaded, initialized, options:version,jfr,event=wall,interval=10ms,cstack=no,file=C:\Users\Ab.abdelsattar\IdeaSnapshots\Test_2025_12_18_111701.jfr,dbghelppath=C:\Users\Ab.abdelsattar\AppData\Local\Temp\idea_dbghelp_dll_temp_folder\dbghelp.dll,log=C:\Users\Ab.abdelsattar\AppData\Local\Temp\Test_2025_12_18_111701.jfr.log.txt,logLevel=DEBUG
C:\Users\Ab.abdelsattar\AppData\Local\JetBrains\IntelliJIdea2024.3\captureAgent\debugger-agent.jar path:C:\Users\Ab.abdelsattar\.jdks\corretto-24.0.2\bin\instrument.dll, loaded, initialized, instrumentlib options:none

dbghelp: loaded successfully - version: 4.0.5 - missing functions: none
symbol engine: initialized successfully - sym options: 0x614 - pdb path: .;C:\Users\Ab.abdelsattar\.jdks\corretto-24.0.2\bin;C:\Windows\SYSTEM32;C:\Windows\WinSxS\amd64_microsoft.windows.common-controls_6595b64144ccf1df_6.0.22621.6060_none_2712eda17382d24b;C:\Program Files\McAfee\Endpoint Security\Threat Prevention\Ips;C:\Program Files\Common Files\McAfee\SystemCore;C:\Program Files\McAfee\MAR;C:\Users\Ab.abdelsattar\.jdks\corretto-24.0.2\bin\server;C:\Users\Ab.abdelsattar\AppData\Local\Temp\idea_libasyncProfiler_dll_temp_folder

VM Arguments:
jvm_args: -agentlib:jdwp=transport=dt_socket,address=127.0.0.1:60664,suspend=y,server=n -agentpath:C:\Users\Ab.abdelsattar\AppData\Local\Temp\idea_libasyncProfiler_dll_temp_folder\libasyncProfiler.dll=version,jfr,event=wall,interval=10ms,cstack=no,file=C:\Users\Ab.abdelsattar\IdeaSnapshots\Test_2025_12_18_111701.jfr,dbghelppath=C:\Users\Ab.abdelsattar\AppData\Local\Temp\idea_dbghelp_dll_temp_folder\dbghelp.dll,log=C:\Users\Ab.abdelsattar\AppData\Local\Temp\Test_2025_12_18_111701.jfr.log.txt,logLevel=DEBUG -javaagent:C:\Users\Ab.abdelsattar\AppData\Local\JetBrains\IntelliJIdea2024.3\captureAgent\debugger-agent.jar -Dkotlinx.coroutines.debug.enable.creation.stack.trace=false -Ddebugger.agent.enable.coroutines=true -Dkotlinx.coroutines.debug.enable.flows.stack.trace=true -Dkotlinx.coroutines.debug.enable.mutable.state.flows.stack.trace=true -Dfile.encoding=UTF-8 -Dsun.stdout.encoding=UTF-8 -Dsun.stderr.encoding=UTF-8 
java_command: Test
java_class_path (initial): C:\Users\Ab.abdelsattar\Downloads\PioneersSigner\out\production\PioneersSigner;C:\Users\Ab.abdelsattar\Downloads\PioneersSigner\PioneersSigner\bcutil-jdk18on-1.81.jar;C:\Users\Ab.abdelsattar\Downloads\PioneersSigner\PioneersSigner\bcpkix-jdk18on-1.81.jar;C:\Users\Ab.abdelsattar\Downloads\PioneersSigner\PioneersSigner\jackson-core-2.20.0-rc1.jar;C:\Users\Ab.abdelsattar\Downloads\PioneersSigner\PioneersSigner\bcprov-jdk18on-1.81.jar;C:\Users\Ab.abdelsattar\Downloads\PioneersSigner\PioneersSigner\jackson-databind-2.20.0-rc1.jar;C:\Users\Ab.abdelsattar\Downloads\PioneersSigner\PioneersSigner\jackson-annotations-3.0-rc5.jar;D:\PTK\ProtectToolkit 7\Runtime\bin\jcprov.jar;D:\Program Files\JetBrains\IntelliJ IDEA 2024.3\lib\idea_rt.jar
Launcher Type: SUN_STANDARD

[Global flags]
     intx CICompilerCount                          = 4                                         {product} {ergonomic}
     uint ConcGCThreads                            = 2                                         {product} {ergonomic}
     uint G1ConcRefinementThreads                  = 8                                         {product} {ergonomic}
   size_t G1HeapRegionSize                         = 2097152                                   {product} {ergonomic}
   size_t InitialHeapSize                          = 266338304                                 {product} {ergonomic}
   size_t MarkStackSize                            = 4194304                                   {product} {ergonomic}
   size_t MarkStackSizeMax                         = 536870912                                 {product} {ergonomic}
   size_t MaxHeapSize                              = 4234149888                                {product} {ergonomic}
   size_t MaxNewSize                               = 2539651072                                {product} {ergonomic}
   size_t MinHeapDeltaBytes                        = 2097152                                   {product} {ergonomic}
   size_t MinHeapSize                              = 8388608                                   {product} {ergonomic}
    uintx NonNMethodCodeHeapSize                   = 5832704                                {pd product} {ergonomic}
    uintx NonProfiledCodeHeapSize                  = 122945536                              {pd product} {ergonomic}
    uintx ProfiledCodeHeapSize                     = 122880000                              {pd product} {ergonomic}
    uintx ReservedCodeCacheSize                    = 251658240                              {pd product} {ergonomic}
     bool SegmentedCodeCache                       = true                                      {product} {ergonomic}
   size_t SoftMaxHeapSize                          = 4234149888                             {manageable} {ergonomic}
     bool UseCompressedOops                        = true                           {product lp64_product} {ergonomic}
     bool UseG1GC                                  = true                                      {product} {ergonomic}
     bool UseLargePagesIndividualAllocation        = false                                  {pd product} {ergonomic}

Logging:
Log output configuration:
 #0: stdout all=warning uptime,level,tags foldmultilines=false
 #1: stderr all=off uptime,level,tags foldmultilines=false

Environment Variables:
PATH=C:\Program Files\Common Files\Oracle\Java\javapath;C:\Windows\system32;C:\Windows;C:\Windows\System32\Wbem;C:\Windows\System32\WindowsPowerShell\v1.0\;C:\Windows\System32\OpenSSH\;C:\Program Files\nodejs\;C:\xampp\php;C:\ProgramData\ComposerSetup\bin;C:\Program Files\Microsoft SQL Server\150\Tools\Binn\;C:\Program Files\Microsoft SQL Server\Client SDK\ODBC\170\Tools\Binn\;C:\Program Files\dotnet\;C:\Program Files\PuTTY\;C:\Program Files (x86)\Microsoft SQL Server\160\Tools\Binn\;C:\Program Files\Microsoft SQL Server\160\Tools\Binn\;C:\Program Files\Microsoft SQL Server\160\DTS\Binn\;C:\Program Files\MySQL\MySQL Server 8.0\bin;D:\PTK\ProtectToolkit 7\Runtime\bin;D:\PTK\ProtectToolkit 7\Runtime\lib;D:\PTK\ProtectToolkit 7\NetHSM;D:\PTK\ProtectToolkit 7\CNG;D:\Maven\apache-maven-3.9.11\bin;C:\Program Files\Git\cmd;D:\Cursor\cursor\resources\app\bin;C:\Program Files\MySQL\MySQL Shell 8.0\bin\;C:\Users\Ab.abdelsattar\AppData\Local\Microsoft\WindowsApps;C:\Users\Ab.abdelsattar\AppData\Local\GitHubDesktop\bin;C:\Users\Ab.abdelsattar\.dotnet\tools;D:\VSCode\Microsoft VS Code\bin
USERNAME=Ab.Abdelsattar
OS=Windows_NT
PROCESSOR_IDENTIFIER=Intel64 Family 6 Model 142 Stepping 12, GenuineIntel
TMP=C:\Users\AB07CE~1.ABD\AppData\Local\Temp
TEMP=C:\Users\AB07CE~1.ABD\AppData\Local\Temp




Periodic native trim disabled

---------------  S Y S T E M  ---------------

OS:
 Windows 11 , 64 bit Build 22621 (10.0.22621.5415)
OS uptime: 3 days 19:20 hours
Hyper-V role detected

CPU: total 8 (initial active 8) (4 cores per cpu, 2 threads per core) family 6 model 142 stepping 12 microcode 0xf8, cx8, cmov, fxsr, ht, mmx, 3dnowpref, sse, sse2, sse3, ssse3, sse4.1, sse4.2, popcnt, lzcnt, tsc, tscinvbit, avx, avx2, aes, erms, clmul, bmi1, bmi2, adx, fma, vzeroupper, clflush, clflushopt, hv, rdtscp, f16c
Processor Information for the first 8 processors :
  Max Mhz: 2304, Current Mhz: 1803, Mhz Limit: 1797

Memory: 4k page, system-wide physical 16144M (2039M free)
TotalPageFile size 25360M (AvailPageFile size 4805M)
current process WorkingSet (physical memory assigned to process): 126M, peak: 126M
current process commit charge ("private bytes"): 378M, peak: 378M

vm_info: OpenJDK 64-Bit Server VM (24.0.2+12-FR) for windows-amd64 JRE (24.0.2+12-FR), built on 2025-07-11T01:41:34Z with unknown MS VC++:1944

END.
